<?xml version="1.0" encoding="UTF-8"?>
<robot generator="Robot 3.2.2 (Python 3.9.4 on win32)" generated="20210520 18:30:44.674" rpa="false">
<suite id="s1" name="Connector Tests" source="D:\Work\vilpe\multi-connector\robottests\connectors\vilpe\connector_tests.robot">
<test id="s1-t1" name="fetch, 200">
<kw name="Get Body">
<assign>
<var>${body}</var>
</assign>
<kw name="Copy Dictionary" library="Collections">
<doc>Returns a copy of the given dictionary.</doc>
<arguments>
<arg>${BROKER_BODY}</arg>
<arg>deepcopy=True</arg>
</arguments>
<assign>
<var>${body}</var>
</assign>
<msg timestamp="20210520 18:30:45.057" level="INFO">${body} = {'productCode': 'vilpe', 'parameters': {'ids': [{'id': '108'}], 'authCredentials': {'type': 'basic-auth', 'encrypted': 'true', 'username': 'surendra.marthala@eeneman.com', 'password': '88SoExR2#GTT/',...</msg>
<status status="PASS" starttime="20210520 18:30:45.057" endtime="20210520 18:30:45.057"></status>
</kw>
<kw name="Get Current Date" library="DateTime">
<doc>Returns current local or UTC time with an optional increment.</doc>
<arguments>
<arg>time_zone=UTC</arg>
<arg>result_format=%Y-%m-%dT%H:%M:%S+00:00</arg>
</arguments>
<assign>
<var>${now}</var>
</assign>
<msg timestamp="20210520 18:30:45.058" level="INFO">${now} = 2021-05-20T13:00:45+00:00</msg>
<status status="PASS" starttime="20210520 18:30:45.057" endtime="20210520 18:30:45.058"></status>
</kw>
<kw name="Set To Dictionary" library="Collections">
<doc>Adds the given ``key_value_pairs`` and ``items`` to the ``dictionary``.</doc>
<arguments>
<arg>${body}</arg>
<arg>timestamp</arg>
<arg>${now}</arg>
</arguments>
<status status="PASS" starttime="20210520 18:30:45.058" endtime="20210520 18:30:45.058"></status>
</kw>
<kw name="Set To Dictionary" library="Collections">
<doc>Adds the given ``key_value_pairs`` and ``items`` to the ``dictionary``.</doc>
<arguments>
<arg>${body}</arg>
<arg>&amp;{kwargs}</arg>
</arguments>
<status status="PASS" starttime="20210520 18:30:45.058" endtime="20210520 18:30:45.058"></status>
</kw>
<kw name="Evaluate" library="BuiltIn">
<doc>Evaluates the given expression in Python and returns the result.</doc>
<arguments>
<arg>json.dumps(${body})</arg>
<arg>json</arg>
</arguments>
<assign>
<var>${json_string}</var>
</assign>
<msg timestamp="20210520 18:30:45.059" level="INFO">${json_string} = {"productCode": "vilpe", "parameters": {"ids": [{"id": "108"}], "authCredentials": {"type": "basic-auth", "encrypted": "true", "username": "surendra.marthala@eeneman.com", "password": "88SoExR2#GTT/",...</msg>
<status status="PASS" starttime="20210520 18:30:45.059" endtime="20210520 18:30:45.059"></status>
</kw>
<msg timestamp="20210520 18:30:45.059" level="INFO">${body} = {'productCode': 'vilpe', 'parameters': {'ids': [{'id': '108'}], 'authCredentials': {'type': 'basic-auth', 'encrypted': 'true', 'username': 'surendra.marthala@eeneman.com', 'password': '88SoExR2#GTT/',...</msg>
<status status="PASS" starttime="20210520 18:30:45.057" endtime="20210520 18:30:45.059"></status>
</kw>
<kw name="Fetch Data Product">
<arguments>
<arg>${body}</arg>
</arguments>
<kw name="Calculate Pot Signature" library="PoTLib">
<arguments>
<arg>${body}</arg>
<arg>${CLIENT_SECRET}</arg>
</arguments>
<assign>
<var>${signature}</var>
</assign>
<msg timestamp="20210520 18:30:45.060" level="INFO">${signature} = WaG7X4MLpK6+cQi+YBiaGqOh6qA8E5dQXOWu8jdqbz4=</msg>
<status status="PASS" starttime="20210520 18:30:45.060" endtime="20210520 18:30:45.060"></status>
</kw>
<kw name="Set Headers" library="REST">
<tags>
<tag>settings</tag>
</tags>
<doc>*Sets new request headers or updates the existing.*</doc>
<arguments>
<arg>{"x-pot-signature": "${signature}", "x-app-token": "${APP_TOKEN}"}</arg>
</arguments>
<status status="PASS" starttime="20210520 18:30:45.061" endtime="20210520 18:30:45.061"></status>
</kw>
<kw name="POST" library="REST">
<tags>
<tag>http</tag>
</tags>
<doc>*Sends a POST request to the endpoint.*</doc>
<arguments>
<arg>${CONNECTOR_PATH}</arg>
<arg>${body}</arg>
</arguments>
<status status="PASS" starttime="20210520 18:30:45.061" endtime="20210520 18:30:48.443"></status>
</kw>
<kw name="Output Schema" library="REST">
<tags>
<tag>I/O</tag>
</tags>
<doc>*Outputs JSON Schema to terminal or a file.*</doc>
<arguments>
<arg>response body</arg>
</arguments>
<msg timestamp="20210520 18:30:48.444" level="INFO">
{
    "type": "object",
    "properties": {
        "@context": {
            "type": "string",
            "default": "https://standards.oftrust.net/v2/Context/DataProductOutput/Process/Measure/IndoorAirQuality/"
        },
        "data": {
            "type": "object",
            "properties": {
                "indoorAirQuality": {
                    "type": "array",
                    "items": {
                        "type": "object",
                        "properties": {
                            "id": {
                                "type": "string"
                            },
                            "measurements": {
                                "type": "array",
                                "items": {
                                    "type": "object",
                                    "properties": {
                                        "@type": {
                                            "type": "string"
                                        },
                                        "timestamp": {
                                            "type": "string"
                                        },
                                        "value": {
                                            "type": "number"
                                        }
                                    },
                                    "required": [
                                        "@type",
                                        "timestamp",
                                        "value"
                                    ]
                                }
                            }
                        },
                        "required": [
                            "id",
                            "measurements"
                        ]
                    },
                    "default": [
                        {
                            "id": "108",
                            "measurements": [
                                {
                                    "@type": "MeasureFanRPM",
                                    "timestamp": "2021-05-20T11:30:38.000Z",
                                    "value": 4410
                                },
                                {
                                    "@type": "MeasureMoldIndex",
                                    "timestamp": "2021-05-20T12:52:14.000Z",
                                    "value": 1.40122
                                },
                                {
                                    "@type": "MeasureAirTemperatureCelsiusDegree",
                                    "timestamp": "2021-05-20T11:30:38.000Z",
                                    "value": 20
                                },
                                {
                                    "@type": "MeasureAirTemperatureCelsiusDegree",
                                    "timestamp": "2021-05-20T11:30:38.000Z",
                                    "value": 20.1
                                },
                                {
                                    "@type": "MeasureAirHumidityRH",
                                    "timestamp": "2021-05-20T11:30:38.000Z",
                                    "value": 100
                                },
                                {
                                    "@type": "MeasureAirHumidityRH",
                                    "timestamp": "2021-05-20T11:30:38.000Z",
                                    "value": 39.1
                                }
                            ]
                        }
                    ]
                }
            },
            "required": [
                "indoorAirQuality"
            ]
        },
        "signature": {
            "type": "object",
            "properties": {
                "type": {
                    "type": "string",
                    "default": "RsaSignature2018"
                },
                "created": {
                    "type": "string",
                    "default": "2021-05-20T18:30:48+05:30"
                },
                "creator": {
                    "type": "string",
                    "default": "http://localhost:8080/translator/v1/public.key"
                },
                "signatureValue": {
                    "type": "string",
                    "default": "aHzXCAyzmEDlVDF7pr2Mk7u7RPyo4HqBGL6D65BwTDsTbw4ta6iIN+oxAV8fT18odmhm0QQqlkZXVBy9axAlurxEpq5NONhpeqQWjqA2Mm02rEio1AjvazmJ9PoTKkW5AE8KpVnXBJyVlN99vvVLA2fBLX6Q4IHBHZXew0LxZ+XcGwiK0/9rmbu0ToQq9bv467y4gEecvAMDWjJjAK2lmOCbIvZaAZ+pGNS4ye4/RlzZyk93i1h3FQQQ26upjVqC877Jo2sIKtfc3oERCtqZhxFSZYvWc4Pnc6UnLSW+qXaGkhz8KtcGJfEvUUjP066FiLwxrVof3wn4RMXbYzGrHMeGvWrg/Cm3BLqv3cuR9uFKDN80zjFf5GZytpk2h5XFJ0KnRMd+hSjgQGR4t2VzeJ1O5Qzr68lullOKoQq3LusHmCjwRjRMjM0/+EWTutWiYsBbn7ijdzdi+5uNUA27eFxKpMR7PwEGVPRAzEas4t5vFsJuAMLRsZ6xDKBbQQEo4UejQ7zMGuUQT4RegIC4SzdubItlJB6VlGKMku+7PHZMOLmvhB1H4J1uVj4TUQBmefDkNvMnoLJpcAouMxIkcid9Ic9/Bj49sAT5sr0XRr33rhnsNpCMHIgA+j1j8vhkTuVC2HaM0x4gprL6e7GHnJUQISpCfqIMuRY2jmi1UAA="
                }
            },
            "required": [
                "created",
                "creator",
                "signatureValue",
                "type"
            ]
        }
    },
    "required": [
        "@context",
        "data",
        "signature"
    ]
}</msg>
<status status="PASS" starttime="20210520 18:30:48.443" endtime="20210520 18:30:48.476"></status>
</kw>
<status status="PASS" starttime="20210520 18:30:45.060" endtime="20210520 18:30:48.477"></status>
</kw>
<kw name="Integer" library="REST">
<tags>
<tag>assertions</tag>
</tags>
<doc>*Asserts the field as JSON integer.*</doc>
<arguments>
<arg>response status</arg>
<arg>200</arg>
</arguments>
<status status="PASS" starttime="20210520 18:30:48.478" endtime="20210520 18:30:48.478"></status>
</kw>
<kw name="String" library="REST">
<tags>
<tag>assertions</tag>
</tags>
<doc>*Asserts the field as JSON string.*</doc>
<arguments>
<arg>response body @context</arg>
<arg>https://standards.oftrust.net/v2/Context/DataProductOutput/Process/Measure/IndoorAirQuality/</arg>
</arguments>
<status status="PASS" starttime="20210520 18:30:48.479" endtime="20210520 18:30:48.479"></status>
</kw>
<kw name="Object" library="REST">
<tags>
<tag>assertions</tag>
</tags>
<doc>*Asserts the field as JSON object.*</doc>
<arguments>
<arg>response body data</arg>
</arguments>
<status status="PASS" starttime="20210520 18:30:48.480" endtime="20210520 18:30:48.480"></status>
</kw>
<kw name="Array" library="REST">
<tags>
<tag>assertions</tag>
</tags>
<doc>*Asserts the field as JSON array.*</doc>
<arguments>
<arg>response body data indoorAirQuality</arg>
</arguments>
<status status="PASS" starttime="20210520 18:30:48.481" endtime="20210520 18:30:48.484"></status>
</kw>
<kw name="Object" library="REST">
<tags>
<tag>assertions</tag>
</tags>
<doc>*Asserts the field as JSON object.*</doc>
<arguments>
<arg>response body data indoorAirQuality 0</arg>
</arguments>
<status status="PASS" starttime="20210520 18:30:48.484" endtime="20210520 18:30:48.485"></status>
</kw>
<kw name="String" library="REST">
<tags>
<tag>assertions</tag>
</tags>
<doc>*Asserts the field as JSON string.*</doc>
<arguments>
<arg>response body data indoorAirQuality 0 id</arg>
</arguments>
<status status="PASS" starttime="20210520 18:30:48.486" endtime="20210520 18:30:48.486"></status>
</kw>
<kw name="Array" library="REST">
<tags>
<tag>assertions</tag>
</tags>
<doc>*Asserts the field as JSON array.*</doc>
<arguments>
<arg>response body data indoorAirQuality 0 measurements</arg>
</arguments>
<status status="PASS" starttime="20210520 18:30:48.487" endtime="20210520 18:30:48.488"></status>
</kw>
<kw name="Object" library="REST">
<tags>
<tag>assertions</tag>
</tags>
<doc>*Asserts the field as JSON object.*</doc>
<arguments>
<arg>response body data indoorAirQuality 0 measurements 0</arg>
</arguments>
<status status="PASS" starttime="20210520 18:30:48.490" endtime="20210520 18:30:48.491"></status>
</kw>
<status status="PASS" starttime="20210520 18:30:45.056" endtime="20210520 18:30:48.492" critical="yes"></status>
</test>
<doc>vilpe - REST</doc>
<status status="PASS" starttime="20210520 18:30:44.676" endtime="20210520 18:30:48.493"></status>
</suite>
<statistics>
<total>
<stat pass="1" fail="0">Critical Tests</stat>
<stat pass="1" fail="0">All Tests</stat>
</total>
<tag>
</tag>
<suite>
<stat pass="1" fail="0" id="s1" name="Connector Tests">Connector Tests</stat>
</suite>
</statistics>
<errors>
</errors>
</robot>
